c:\users\liu\documents\github\tanksoccer\source\debug\vc140.pdb
c:\users\liu\documents\github\tanksoccer\source\debug\vc140.idb
c:\users\liu\documents\github\tanksoccer\source\debug\ball.obj
c:\users\liu\documents\github\tanksoccer\source\debug\basic.obj
c:\users\liu\documents\github\tanksoccer\source\debug\camera.obj
c:\users\liu\documents\github\tanksoccer\source\debug\cuboid.obj
c:\users\liu\documents\github\tanksoccer\source\debug\cylinder.obj
c:\users\liu\documents\github\tanksoccer\source\debug\entity.obj
c:\users\liu\documents\github\tanksoccer\source\debug\game.obj
c:\users\liu\documents\github\tanksoccer\source\debug\geometry.obj
c:\users\liu\documents\github\tanksoccer\source\debug\main.obj
c:\users\liu\documents\github\tanksoccer\source\debug\sphere.obj
c:\users\liu\documents\github\tanksoccer\source\debug\tank.obj
d:\code\project\tank\tanksoccer\source\debug\vc141.pdb
d:\code\project\tank\tanksoccer\source\debug\vc141.idb
d:\code\project\tank\tanksoccer\source\debug\ball.obj
d:\code\project\tank\tanksoccer\source\debug\basic.obj
d:\code\project\tank\tanksoccer\source\debug\camera.obj
d:\code\project\tank\tanksoccer\source\debug\cuboid.obj
d:\code\project\tank\tanksoccer\source\debug\cylinder.obj
d:\code\project\tank\tanksoccer\source\debug\entity.obj
d:\code\project\tank\tanksoccer\source\debug\game.obj
d:\code\project\tank\tanksoccer\source\debug\geometry.obj
d:\code\project\tank\tanksoccer\source\debug\sphere.obj
d:\code\project\tank\tanksoccer\source\debug\tank.obj
d:\code\project\tank\tanksoccer\source\debug\main.obj
c:\users\liu\documents\github\tanksoccer\source\debug\tanksoccer.ilk
c:\users\liu\documents\github\tanksoccer\source\debug\tanksoccer.exe
c:\users\liu\documents\github\tanksoccer\source\debug\tanksoccer.pdb
d:\code\project\tank\tanksoccer\source\debug\tanksoccer.ilk
d:\code\project\tank\tanksoccer\source\debug\tanksoccer.exe
d:\code\project\tank\tanksoccer\source\debug\lnk{c9ba7692-a524-46a3-bb4b-9e60d3dce1cb}.tmp
d:\code\project\tank\tanksoccer\source\debug\tanksoccer.pdb
d:\code\project\tank\tanksoccer\source\debug\vc140.idb
d:\code\project\tank\tanksoccer\source\debug\vc140.pdb
d:\code\project\tank\tanksoccer\source\debug\tanksoccer.tlog\cl.command.1.tlog
d:\code\project\tank\tanksoccer\source\debug\tanksoccer.tlog\cl.read.1.tlog
d:\code\project\tank\tanksoccer\source\debug\tanksoccer.tlog\cl.write.1.tlog
d:\code\project\tank\tanksoccer\source\debug\tanksoccer.tlog\link.command.1.tlog
d:\code\project\tank\tanksoccer\source\debug\tanksoccer.tlog\link.delete.1.tlog
d:\code\project\tank\tanksoccer\source\debug\tanksoccer.tlog\link.read.1.tlog
d:\code\project\tank\tanksoccer\source\debug\tanksoccer.tlog\link.write.1.tlog
